<?xml version="1.0" encoding="UTF-8"?>
<!-- Generated by org.testng.reporters.JUnitXMLReporter -->
<testsuite ignored="5" hostname="LAPTOP-BBMPECM7" failures="0" tests="1" name="Default test" time="19.326" errors="0" timestamp="2025-08-30T22:11:11 IST">
  <testcase classname="testCases.AdminModule" name="TC_47" time="7.167"/>
  <testcase classname="testCases.AdminModule" name="TC_45" time="0.0">
    <ignored/>
  </testcase> <!-- TC_45 -->
  <testcase classname="testCases.AdminModule" name="adminTest_Tc_Deleteuser" time="0.0">
    <ignored/>
  </testcase> <!-- adminTest_Tc_Deleteuser -->
  <testcase classname="testCases.AdminModule" name="TC_33" time="0.0">
    <ignored/>
  </testcase> <!-- TC_33 -->
  <testcase classname="testCases.AdminModule" name="TC_40" time="0.0">
    <ignored/>
  </testcase> <!-- TC_40 -->
  <testcase classname="testCases.AdminModule" name="TC_39" time="0.0">
    <ignored/>
  </testcase> <!-- TC_39 -->
</testsuite> <!-- Default test -->
