<?xml version="1.0" encoding="UTF-8"?>
<!-- Generated by org.testng.reporters.JUnitXMLReporter -->
<testsuite ignored="4" hostname="LAPTOP-BBMPECM7" failures="0" tests="1" name="Default test" time="22.339" errors="0" timestamp="2025-08-12T11:54:57 IST">
  <testcase classname="testCases.AdminModule" name="TC_45" time="11.253"/>
  <testcase classname="testCases.AdminModule" name="TC_39" time="0.0">
    <ignored/>
  </testcase> <!-- TC_39 -->
  <testcase classname="testCases.AdminModule" name="TC_33" time="0.0">
    <ignored/>
  </testcase> <!-- TC_33 -->
  <testcase classname="testCases.AdminModule" name="adminTest_Tc_Deleteuser" time="0.0">
    <ignored/>
  </testcase> <!-- adminTest_Tc_Deleteuser -->
  <testcase classname="testCases.AdminModule" name="TC_40" time="0.0">
    <ignored/>
  </testcase> <!-- TC_40 -->
</testsuite> <!-- Default test -->
