<?xml version="1.0" encoding="UTF-8"?>
<!-- Generated by org.testng.reporters.JUnitXMLReporter -->
<testsuite ignored="2" hostname="LAPTOP-BBMPECM7" failures="0" tests="3" name="Test" time="72.872" errors="0" timestamp="2025-07-01T20:16:18 IST">
  <testcase classname="testCases.loginModule" name="logintest" time="63.18"/>
  <testcase classname="testCases.Logoutfunctionality" name="TC_1_logout" time="4.062"/>
  <testcase classname="testCases.Logoutfunctionality" name="TC_2_AND_3" time="5.2"/>
  <testcase classname="baseClass.base" name="@AfterSuite tearDown" time="0.0">
    <ignored/>
  </testcase> <!-- @AfterSuite tearDown -->
  <testcase classname="baseClass.base" name="@BeforeSuite setUp" time="0.0">
    <ignored/>
  </testcase> <!-- @BeforeSuite setUp -->
</testsuite> <!-- Test -->
