<?xml version="1.0" encoding="UTF-8"?>
<!-- Generated by org.testng.reporters.JUnitXMLReporter -->
<testsuite ignored="2" hostname="LAPTOP-BBMPECM7" failures="0" tests="3" name="Test" time="80.72" errors="0" timestamp="2025-07-01T20:21:06 IST">
  <testcase classname="testCases.loginModule" name="logintest" time="71.062"/>
  <testcase classname="testCases.Logoutfunctionality" name="TC_1_logout" time="4.262"/>
  <testcase classname="testCases.Logoutfunctionality" name="TC_2_AND_3" time="5.297"/>
  <testcase classname="baseClass.base" name="@BeforeSuite setUp" time="0.0">
    <ignored/>
  </testcase> <!-- @BeforeSuite setUp -->
  <testcase classname="baseClass.base" name="@AfterSuite tearDown" time="0.0">
    <ignored/>
  </testcase> <!-- @AfterSuite tearDown -->
</testsuite> <!-- Test -->
