<?xml version="1.0" encoding="UTF-8"?>
<testng-results ignored="0" total="1" passed="1" failed="0" skipped="0">
  <reporter-output>
  </reporter-output>
  <suite started-at="2025-08-17T14:02:58 IST" name="Suite" finished-at="2025-08-17T14:04:12 IST" duration-ms="74538">
    <groups>
    </groups>
    <test started-at="2025-08-17T14:02:58 IST" name="Test" finished-at="2025-08-17T14:04:12 IST" duration-ms="74538">
      <class name="testCases.loginModule">
        <test-method is-config="true" signature="setUp()[pri:0, instance:testCases.loginModule@6973b51b]" started-at="2025-08-17T14:02:58 IST" name="setUp" finished-at="2025-08-17T14:03:09 IST" duration-ms="10718" status="PASS">
          <reporter-output>
          </reporter-output>
        </test-method> <!-- setUp -->
        <test-method signature="logintest()[pri:0, instance:testCases.loginModule@6973b51b]" started-at="2025-08-17T14:03:09 IST" name="logintest" finished-at="2025-08-17T14:04:12 IST" duration-ms="63329" status="PASS">
          <reporter-output>
          </reporter-output>
        </test-method> <!-- logintest -->
        <test-method is-config="true" signature="tearDown()[pri:0, instance:testCases.loginModule@6973b51b]" started-at="2025-08-17T14:04:12 IST" name="tearDown" finished-at="2025-08-17T14:04:12 IST" duration-ms="264" status="PASS">
          <reporter-output>
          </reporter-output>
        </test-method> <!-- tearDown -->
      </class> <!-- testCases.loginModule -->
    </test> <!-- Test -->
  </suite> <!-- Suite -->
</testng-results>
