<?xml version="1.0" encoding="UTF-8"?>
<testng-results ignored="0" total="3" passed="3" failed="0" skipped="0">
  <reporter-output>
  </reporter-output>
  <suite started-at="2025-07-01T20:19:45 IST" name="Suite" finished-at="2025-07-01T20:21:06 IST" duration-ms="80720">
    <groups>
    </groups>
    <test started-at="2025-07-01T20:19:45 IST" name="Test" finished-at="2025-07-01T20:21:06 IST" duration-ms="80720">
      <class name="testCases.Logoutfunctionality">
        <test-method signature="TC_1_logout()[pri:1, instance:testCases.Logoutfunctionality@4f6ee6e4]" started-at="2025-07-01T20:20:56 IST" name="TC_1_logout" description="Logout functionality test" finished-at="2025-07-01T20:21:00 IST" duration-ms="4262" status="PASS">
          <reporter-output>
          </reporter-output>
        </test-method> <!-- TC_1_logout -->
        <test-method signature="TC_2_AND_3()[pri:2, instance:testCases.Logoutfunctionality@4f6ee6e4]" started-at="2025-07-01T20:21:00 IST" name="TC_2_AND_3" description="Directlink paste" finished-at="2025-07-01T20:21:06 IST" duration-ms="5297" status="PASS">
          <reporter-output>
          </reporter-output>
        </test-method> <!-- TC_2_AND_3 -->
      </class> <!-- testCases.Logoutfunctionality -->
      <class name="testCases.loginModule">
        <test-method is-config="true" signature="setUp()[pri:0, instance:testCases.loginModule@44ebcd03]" started-at="2025-07-01T20:19:33 IST" name="setUp" finished-at="2025-07-01T20:19:45 IST" duration-ms="11417" status="PASS">
          <reporter-output>
          </reporter-output>
        </test-method> <!-- setUp -->
        <test-method signature="logintest()[pri:0, instance:testCases.loginModule@44ebcd03]" started-at="2025-07-01T20:19:45 IST" name="logintest" finished-at="2025-07-01T20:20:56 IST" duration-ms="71062" status="PASS">
          <reporter-output>
          </reporter-output>
        </test-method> <!-- logintest -->
        <test-method is-config="true" signature="tearDown()[pri:0, instance:testCases.loginModule@44ebcd03]" started-at="2025-07-01T20:21:06 IST" name="tearDown" finished-at="2025-07-01T20:21:06 IST" duration-ms="764" status="PASS">
          <reporter-output>
          </reporter-output>
        </test-method> <!-- tearDown -->
      </class> <!-- testCases.loginModule -->
    </test> <!-- Test -->
  </suite> <!-- Suite -->
</testng-results>
