<?xml version="1.0" encoding="UTF-8"?>
<testsuite xmlns:xsi="http://www.w3.org/2001/XMLSchema-instance" xsi:noNamespaceSchemaLocation="https://maven.apache.org/surefire/maven-surefire-plugin/xsd/surefire-test-report-3.0.xsd" version="3.0" name="TestSuite" time="93.698" tests="3" errors="0" skipped="0" failures="0">
  <properties>
[...]
</properties>
  <testcase name="logintest" classname="testCases.loginModule" time="71.064">
    <system-out><![CDATA[📘 Total Test Cases: 10

🔐 Test 1: Username = Admin, Password = admin123
✅ Login Success

🔐 Test 2: Username = Admin, Password = wrongPass
❌ Login Failed

🔐 Test 3: Username = invalidUser, Password = admin@123
❌ Login Failed

🔐 Test 4: Username = invalidUser, Password = wrongPass
❌ Login Failed

🔐 Test 5: Username = Admin, Password = 
❌ Login Failed

🔐 Test 6: Username = , Password = admin@123
❌ Login Failed

🔐 Test 7: Username = , Password = 
❌ Login Failed

🔐 Test 8: Username = Admin, Password = admin@123
❌ Login Failed

🔐 Test 9: Username = Admin, Password = admin@123
❌ Login Failed

🔐 Test 10: Username = Admin, Password = admin@123
❌ Login Failed
]]></system-out>
    <system-err><![CDATA[SLF4J: Failed to load class "org.slf4j.impl.StaticLoggerBinder".
SLF4J: Defaulting to no-operation (NOP) logger implementation
SLF4J: See http://www.slf4j.org/codes.html#StaticLoggerBinder for further details.
Jul 01, 2025 8:19:36 PM org.openqa.selenium.devtools.CdpVersionFinder findNearestMatch
WARNING: Unable to find CDP implementation matching 138
Jul 01, 2025 8:19:36 PM org.openqa.selenium.chromium.ChromiumDriver lambda$new$5
WARNING: Unable to find version of CDP to use for 138.0.3351.55. You may need to include a dependency on a specific version of the CDP using something similar to `org.seleniumhq.selenium:selenium-devtools-v86:4.19.1` where the version ("v86") matches the version of the chromium-based browser you're using and the version number of the artifact is the same as Selenium's.
]]></system-err>
  </testcase>
  <testcase name="TC_1_logout" classname="testCases.Logoutfunctionality" time="4.261"/>
  <testcase name="TC_2_AND_3" classname="testCases.Logoutfunctionality" time="5.297"/>
</testsuite>