<?xml version="1.0" encoding="UTF-8"?>
<testng-results ignored="0" total="1" passed="1" failed="0" skipped="0">
  <reporter-output>
  </reporter-output>
  <suite started-at="2025-08-12T11:54:35 IST" name="Default suite" finished-at="2025-08-12T11:54:57 IST" duration-ms="22339">
    <groups>
    </groups>
    <test started-at="2025-08-12T11:54:35 IST" name="Default test" finished-at="2025-08-12T11:54:57 IST" duration-ms="22339">
      <class name="testCases.AdminModule">
        <test-method is-config="true" signature="setUp()[pri:0, instance:testCases.AdminModule@378542de]" started-at="2025-08-12T11:54:35 IST" name="setUp" finished-at="2025-08-12T11:54:46 IST" duration-ms="10826" status="PASS">
          <reporter-output>
          </reporter-output>
        </test-method> <!-- setUp -->
        <test-method signature="TC_45()[pri:8, instance:testCases.AdminModule@378542de]" started-at="2025-08-12T11:54:46 IST" name="TC_45" finished-at="2025-08-12T11:54:57 IST" duration-ms="11253" status="PASS">
          <reporter-output>
          </reporter-output>
        </test-method> <!-- TC_45 -->
        <test-method is-config="true" signature="tearDown()[pri:0, instance:testCases.AdminModule@378542de]" started-at="2025-08-12T11:54:57 IST" name="tearDown" finished-at="2025-08-12T11:54:57 IST" duration-ms="229" status="PASS">
          <reporter-output>
          </reporter-output>
        </test-method> <!-- tearDown -->
      </class> <!-- testCases.AdminModule -->
    </test> <!-- Default test -->
  </suite> <!-- Default suite -->
</testng-results>
